        -:    0:Source:test1.c
        -:    0:Graph:a-test1.gcno
        -:    0:Data:-
        -:    0:Runs:0
        -:    1:/* This software was developed at the National Institute of Standards and Technology by employees of the Federal Government
        -:    2:in the course of their official duties. Pursuant to title 17 Section 105 of the United States Code
        -:    3:this software is not subject to copyright protection and is in the public domain.
        -:    4:NIST assumes no responsibility whatsoever for its use by other parties,
        -:    5:and makes no guarantees, expressed or implied, about its quality, reliability, or any other characteristic.
        -:    6:
        -:    7:This test case is derived from an example found in the Secure Software Inc. CLASP v2.0 User Guide.
        -:    8:
        -:    9:*/
        -:   10:
        -:   11:
        -:   12:/* The following example is exploitable, due to the printf() call in the printWrapper()
        -:   13:function. Note: The stack buffer was added to make exploitation more
        -:   14:simple.
        -:   15:*/
        -:   16:
        -:   17:
        -:   18:#include <stdio.h>
        -:   19:#include <string.h>
        -:   20:
    #####:   21:int main(int argc, char **argv) {
        -:   22:
        -:   23:char buf[5012];
        -:   24:
    #####:   25:strncpy(buf, argv[1], sizeof buf - 1);
    #####:   26:buf[sizeof buf - 1] = 0;
        -:   27:
    #####:   28:printf(buf); /* FIX */
        -:   29:
    #####:   30:return (0);
        -:   31:
        -:   32:}
        -:   33:
        -:   34:
